2023-12-23 14:44:03,315 [INFO] Activator:178 - 


2023-12-23 14:44:03,315 [INFO] Activator:179 - !SESSION log4j initialized
2023-12-23 14:44:05,797 [ERROR] LogOutputStream:74 - [STDERR_REDIRECT] [Fatal Error] :1:1: Premature end of file.
2023-12-23 14:44:05,797 [ERROR] LogOutputStream:74 - [STDERR_REDIRECT] 
2023-12-23 14:44:05,882 [ERROR] LogOutputStream:74 - [STDERR_REDIRECT] [Fatal Error] :1:1: Premature end of file.
2023-12-23 14:44:05,882 [ERROR] LogOutputStream:74 - [STDERR_REDIRECT] 
2023-12-23 14:44:05,967 [ERROR] LogOutputStream:74 - [STDERR_REDIRECT] [Fatal Error] :1:1: Premature end of file.
2023-12-23 14:44:05,967 [ERROR] LogOutputStream:74 - [STDERR_REDIRECT] 
2023-12-23 15:21:53,705 [ERROR] LogOutputStream:74 - [STDERR_REDIRECT] [Fatal Error] :1:1: Premature end of file.
2023-12-23 15:21:53,774 [ERROR] LogOutputStream:74 - [STDERR_REDIRECT] 
2023-12-23 15:21:53,889 [ERROR] LogOutputStream:74 - [STDERR_REDIRECT] [Fatal Error] :1:1: Premature end of file.
2023-12-23 15:21:53,905 [ERROR] LogOutputStream:74 - [STDERR_REDIRECT] 
2023-12-23 15:21:53,990 [ERROR] LogOutputStream:74 - [STDERR_REDIRECT] [Fatal Error] :1:1: Premature end of file.
2023-12-23 15:21:53,990 [ERROR] LogOutputStream:74 - [STDERR_REDIRECT] 
2023-12-23 15:21:54,090 [ERROR] LogOutputStream:74 - [STDERR_REDIRECT] [Fatal Error] :1:1: Premature end of file.
2023-12-23 15:21:54,090 [ERROR] LogOutputStream:74 - [STDERR_REDIRECT] 
2023-12-23 15:21:54,322 [ERROR] LogOutputStream:74 - [STDERR_REDIRECT] [Fatal Error] :1:1: Premature end of file.
2023-12-23 15:21:54,322 [ERROR] LogOutputStream:74 - [STDERR_REDIRECT] 
2023-12-23 15:21:54,453 [ERROR] LogOutputStream:74 - [STDERR_REDIRECT] [Fatal Error] :1:1: Premature end of file.
2023-12-23 15:21:54,453 [ERROR] LogOutputStream:74 - [STDERR_REDIRECT] 
2023-12-23 15:21:54,575 [ERROR] LogOutputStream:74 - [STDERR_REDIRECT] [Fatal Error] :1:1: Premature end of file.
2023-12-23 15:21:54,575 [ERROR] LogOutputStream:74 - [STDERR_REDIRECT] 
2023-12-23 15:21:54,691 [ERROR] LogOutputStream:74 - [STDERR_REDIRECT] [Fatal Error] :1:1: Premature end of file.
2023-12-23 15:21:54,691 [ERROR] LogOutputStream:74 - [STDERR_REDIRECT] 
2023-12-23 15:21:54,776 [ERROR] LogOutputStream:74 - [STDERR_REDIRECT] [Fatal Error] :1:1: Premature end of file.
2023-12-23 15:21:54,776 [ERROR] LogOutputStream:74 - [STDERR_REDIRECT] 
2023-12-23 15:21:54,854 [ERROR] LogOutputStream:74 - [STDERR_REDIRECT] [Fatal Error] :1:1: Premature end of file.
2023-12-23 15:21:54,854 [ERROR] LogOutputStream:74 - [STDERR_REDIRECT] 
2023-12-23 15:21:54,954 [ERROR] LogOutputStream:74 - [STDERR_REDIRECT] [Fatal Error] :1:1: Premature end of file.
2023-12-23 15:21:54,954 [ERROR] LogOutputStream:74 - [STDERR_REDIRECT] 
2023-12-23 15:21:55,023 [ERROR] LogOutputStream:74 - [STDERR_REDIRECT] [Fatal Error] :1:1: Premature end of file.
2023-12-23 15:21:55,023 [ERROR] LogOutputStream:74 - [STDERR_REDIRECT] 
2023-12-23 16:42:24,838 [INFO] Activator:178 - 


2023-12-23 16:42:24,842 [INFO] Activator:179 - !SESSION log4j initialized
2023-12-23 16:42:28,677 [ERROR] LogOutputStream:74 - [STDERR_REDIRECT] [Fatal Error] :1:1: Premature end of file.
2023-12-23 16:42:28,679 [ERROR] LogOutputStream:74 - [STDERR_REDIRECT] 
2023-12-23 16:42:28,800 [ERROR] LogOutputStream:74 - [STDERR_REDIRECT] [Fatal Error] :1:1: Premature end of file.
2023-12-23 16:42:28,801 [ERROR] LogOutputStream:74 - [STDERR_REDIRECT] 
2023-12-23 16:42:28,980 [ERROR] LogOutputStream:74 - [STDERR_REDIRECT] [Fatal Error] :1:1: Premature end of file.
2023-12-23 16:42:28,981 [ERROR] LogOutputStream:74 - [STDERR_REDIRECT] 
2023-12-23 18:59:36,230 [INFO] Activator:178 - 


2023-12-23 18:59:36,230 [INFO] Activator:179 - !SESSION log4j initialized
2023-12-23 18:59:40,660 [ERROR] LogOutputStream:74 - [STDERR_REDIRECT] [Fatal Error] :1:1: Premature end of file.
2023-12-23 18:59:40,668 [ERROR] LogOutputStream:74 - [STDERR_REDIRECT] 
2023-12-23 18:59:40,751 [ERROR] LogOutputStream:74 - [STDERR_REDIRECT] [Fatal Error] :1:1: Premature end of file.
2023-12-23 18:59:40,751 [ERROR] LogOutputStream:74 - [STDERR_REDIRECT] 
2023-12-23 18:59:40,829 [ERROR] LogOutputStream:74 - [STDERR_REDIRECT] [Fatal Error] :1:1: Premature end of file.
2023-12-23 18:59:40,829 [ERROR] LogOutputStream:74 - [STDERR_REDIRECT] 
2023-12-24 01:22:51,576 [ERROR] LogOutputStream:74 - [STDERR_REDIRECT] [Fatal Error] :1:1: Premature end of file.
2023-12-24 01:22:51,578 [ERROR] LogOutputStream:74 - [STDERR_REDIRECT] 
2023-12-24 01:22:51,794 [ERROR] LogOutputStream:74 - [STDERR_REDIRECT] [Fatal Error] :1:1: Premature end of file.
2023-12-24 01:22:51,794 [ERROR] LogOutputStream:74 - [STDERR_REDIRECT] 
2023-12-24 01:22:51,938 [ERROR] LogOutputStream:74 - [STDERR_REDIRECT] [Fatal Error] :1:1: Premature end of file.
2023-12-24 01:22:51,939 [ERROR] LogOutputStream:74 - [STDERR_REDIRECT] 
2023-12-24 01:22:52,010 [ERROR] LogOutputStream:74 - [STDERR_REDIRECT] [Fatal Error] :1:1: Premature end of file.
2023-12-24 01:22:52,010 [ERROR] LogOutputStream:74 - [STDERR_REDIRECT] 
2023-12-24 01:22:52,082 [ERROR] LogOutputStream:74 - [STDERR_REDIRECT] [Fatal Error] :1:1: Premature end of file.
2023-12-24 01:22:52,083 [ERROR] LogOutputStream:74 - [STDERR_REDIRECT] 
2023-12-24 01:22:52,153 [ERROR] LogOutputStream:74 - [STDERR_REDIRECT] [Fatal Error] :1:1: Premature end of file.
2023-12-24 01:22:52,153 [ERROR] LogOutputStream:74 - [STDERR_REDIRECT] 
2023-12-24 01:22:52,225 [ERROR] LogOutputStream:74 - [STDERR_REDIRECT] [Fatal Error] :1:1: Premature end of file.
2023-12-24 01:22:52,225 [ERROR] LogOutputStream:74 - [STDERR_REDIRECT] 
2023-12-24 01:22:52,297 [ERROR] LogOutputStream:74 - [STDERR_REDIRECT] [Fatal Error] :1:1: Premature end of file.
2023-12-24 01:22:52,297 [ERROR] LogOutputStream:74 - [STDERR_REDIRECT] 
2023-12-24 01:22:52,367 [ERROR] LogOutputStream:74 - [STDERR_REDIRECT] [Fatal Error] :1:1: Premature end of file.
2023-12-24 01:22:52,368 [ERROR] LogOutputStream:74 - [STDERR_REDIRECT] 
2023-12-24 01:22:52,441 [ERROR] LogOutputStream:74 - [STDERR_REDIRECT] [Fatal Error] :1:1: Premature end of file.
2023-12-24 01:22:52,441 [ERROR] LogOutputStream:74 - [STDERR_REDIRECT] 
2023-12-24 01:22:52,512 [ERROR] LogOutputStream:74 - [STDERR_REDIRECT] [Fatal Error] :1:1: Premature end of file.
2023-12-24 01:22:52,512 [ERROR] LogOutputStream:74 - [STDERR_REDIRECT] 
2023-12-24 01:22:52,583 [ERROR] LogOutputStream:74 - [STDERR_REDIRECT] [Fatal Error] :1:1: Premature end of file.
2023-12-24 01:22:52,583 [ERROR] LogOutputStream:74 - [STDERR_REDIRECT] 
2023-12-24 10:06:04,204 [INFO] Activator:178 - 


2023-12-24 10:06:04,209 [INFO] Activator:179 - !SESSION log4j initialized
2023-12-24 10:06:15,343 [ERROR] LogOutputStream:74 - [STDERR_REDIRECT] [Fatal Error] :1:1: Premature end of file.
2023-12-24 10:06:15,343 [ERROR] LogOutputStream:74 - [STDERR_REDIRECT] 
2023-12-24 10:06:15,407 [ERROR] LogOutputStream:74 - [STDERR_REDIRECT] [Fatal Error] :1:1: Premature end of file.
2023-12-24 10:06:15,407 [ERROR] LogOutputStream:74 - [STDERR_REDIRECT] 
2023-12-24 10:06:15,465 [ERROR] LogOutputStream:74 - [STDERR_REDIRECT] [Fatal Error] :1:1: Premature end of file.
2023-12-24 10:06:15,465 [ERROR] LogOutputStream:74 - [STDERR_REDIRECT] 
2023-12-25 18:54:24,129 [INFO] Activator:178 - 


2023-12-25 18:54:24,136 [INFO] Activator:179 - !SESSION log4j initialized
2023-12-25 18:54:29,543 [ERROR] LogOutputStream:74 - [STDERR_REDIRECT] [Fatal Error] :1:1: Premature end of file.
2023-12-25 18:54:29,547 [ERROR] LogOutputStream:74 - [STDERR_REDIRECT] 
2023-12-25 18:54:29,639 [ERROR] LogOutputStream:74 - [STDERR_REDIRECT] [Fatal Error] :1:1: Premature end of file.
2023-12-25 18:54:29,639 [ERROR] LogOutputStream:74 - [STDERR_REDIRECT] 
2023-12-25 18:54:29,715 [ERROR] LogOutputStream:74 - [STDERR_REDIRECT] [Fatal Error] :1:1: Premature end of file.
2023-12-25 18:54:29,715 [ERROR] LogOutputStream:74 - [STDERR_REDIRECT] 
2023-12-25 21:03:02,043 [INFO] Activator:178 - 


2023-12-25 21:03:02,047 [INFO] Activator:179 - !SESSION log4j initialized
2023-12-25 21:03:06,749 [ERROR] LogOutputStream:74 - [STDERR_REDIRECT] [Fatal Error] :1:1: Premature end of file.
2023-12-25 21:03:06,749 [ERROR] LogOutputStream:74 - [STDERR_REDIRECT] 
2023-12-25 21:03:06,842 [ERROR] LogOutputStream:74 - [STDERR_REDIRECT] [Fatal Error] :1:1: Premature end of file.
2023-12-25 21:03:06,842 [ERROR] LogOutputStream:74 - [STDERR_REDIRECT] 
2023-12-25 21:03:06,946 [ERROR] LogOutputStream:74 - [STDERR_REDIRECT] [Fatal Error] :1:1: Premature end of file.
2023-12-25 21:03:06,946 [ERROR] LogOutputStream:74 - [STDERR_REDIRECT] 
2023-12-25 23:36:33,283 [ERROR] LogOutputStream:74 - [STDERR_REDIRECT] [Fatal Error] :1:10: DOCTYPE is disallowed when the feature "http://apache.org/xml/features/disallow-doctype-decl" set to true.
2023-12-25 23:36:33,284 [ERROR] LogOutputStream:74 - [STDERR_REDIRECT] 
2023-12-25 23:36:33,400 [ERROR] LogOutputStream:74 - [STDERR_REDIRECT] [Fatal Error] :1:10: DOCTYPE is disallowed when the feature "http://apache.org/xml/features/disallow-doctype-decl" set to true.
2023-12-25 23:36:33,401 [ERROR] LogOutputStream:74 - [STDERR_REDIRECT] 
2023-12-25 23:36:33,529 [ERROR] LogOutputStream:74 - [STDERR_REDIRECT] [Fatal Error] :1:10: DOCTYPE is disallowed when the feature "http://apache.org/xml/features/disallow-doctype-decl" set to true.
2023-12-25 23:36:33,530 [ERROR] LogOutputStream:74 - [STDERR_REDIRECT] 
2023-12-25 23:36:33,639 [ERROR] LogOutputStream:74 - [STDERR_REDIRECT] [Fatal Error] :1:10: DOCTYPE is disallowed when the feature "http://apache.org/xml/features/disallow-doctype-decl" set to true.
2023-12-25 23:36:33,639 [ERROR] LogOutputStream:74 - [STDERR_REDIRECT] 
2023-12-25 23:36:33,769 [ERROR] LogOutputStream:74 - [STDERR_REDIRECT] [Fatal Error] :1:10: DOCTYPE is disallowed when the feature "http://apache.org/xml/features/disallow-doctype-decl" set to true.
2023-12-25 23:36:33,769 [ERROR] LogOutputStream:74 - [STDERR_REDIRECT] 
2023-12-25 23:36:33,876 [ERROR] LogOutputStream:74 - [STDERR_REDIRECT] [Fatal Error] :1:10: DOCTYPE is disallowed when the feature "http://apache.org/xml/features/disallow-doctype-decl" set to true.
2023-12-25 23:36:33,877 [ERROR] LogOutputStream:74 - [STDERR_REDIRECT] 
2023-12-25 23:36:33,990 [ERROR] LogOutputStream:74 - [STDERR_REDIRECT] [Fatal Error] :1:10: DOCTYPE is disallowed when the feature "http://apache.org/xml/features/disallow-doctype-decl" set to true.
2023-12-25 23:36:33,991 [ERROR] LogOutputStream:74 - [STDERR_REDIRECT] 
2023-12-25 23:36:34,128 [ERROR] LogOutputStream:74 - [STDERR_REDIRECT] [Fatal Error] :1:10: DOCTYPE is disallowed when the feature "http://apache.org/xml/features/disallow-doctype-decl" set to true.
2023-12-25 23:36:34,128 [ERROR] LogOutputStream:74 - [STDERR_REDIRECT] 
2023-12-25 23:36:34,229 [ERROR] LogOutputStream:74 - [STDERR_REDIRECT] [Fatal Error] :1:10: DOCTYPE is disallowed when the feature "http://apache.org/xml/features/disallow-doctype-decl" set to true.
2023-12-25 23:36:34,229 [ERROR] LogOutputStream:74 - [STDERR_REDIRECT] 
2023-12-25 23:36:34,335 [ERROR] LogOutputStream:74 - [STDERR_REDIRECT] [Fatal Error] :1:10: DOCTYPE is disallowed when the feature "http://apache.org/xml/features/disallow-doctype-decl" set to true.
2023-12-25 23:36:34,336 [ERROR] LogOutputStream:74 - [STDERR_REDIRECT] 
2023-12-25 23:36:34,447 [ERROR] LogOutputStream:74 - [STDERR_REDIRECT] [Fatal Error] :1:10: DOCTYPE is disallowed when the feature "http://apache.org/xml/features/disallow-doctype-decl" set to true.
2023-12-25 23:36:34,447 [ERROR] LogOutputStream:74 - [STDERR_REDIRECT] 
2023-12-25 23:36:34,551 [ERROR] LogOutputStream:74 - [STDERR_REDIRECT] [Fatal Error] :1:10: DOCTYPE is disallowed when the feature "http://apache.org/xml/features/disallow-doctype-decl" set to true.
2023-12-25 23:36:34,551 [ERROR] LogOutputStream:74 - [STDERR_REDIRECT] 
